AH00558: apache2: Could not reliably determine the server's fully qualified domain name, using 192.168.240.3. Set the 'ServerName' directive globally to suppress this message
[Wed Nov 24 12:23:29.786546 2021] [mpm_prefork:notice] [pid 1] AH00163: Apache/2.4.25 (Debian) PHP/5.6.40 configured -- resuming normal operations
[Wed Nov 24 12:23:29.787427 2021] [core:notice] [pid 1] AH00094: Command line: 'apache2 -D FOREGROUND'
[Wed Nov 24 12:27:47.012948 2021] [mpm_prefork:notice] [pid 1] AH00169: caught SIGTERM, shutting down
AH00558: apache2: Could not reliably determine the server's fully qualified domain name, using 172.18.0.3. Set the 'ServerName' directive globally to suppress this message
[Wed Nov 24 12:29:42.725385 2021] [mpm_prefork:notice] [pid 1] AH00163: Apache/2.4.25 (Debian) PHP/5.6.40 configured -- resuming normal operations
[Wed Nov 24 12:29:42.727648 2021] [core:notice] [pid 1] AH00094: Command line: 'apache2 -D FOREGROUND'
[Wed Nov 24 12:38:39.186330 2021] [mpm_prefork:notice] [pid 1] AH00169: caught SIGTERM, shutting down
AH00558: apache2: Could not reliably determine the server's fully qualified domain name, using 172.19.0.4. Set the 'ServerName' directive globally to suppress this message
[Wed Nov 24 12:39:00.336202 2021] [mpm_prefork:notice] [pid 1] AH00163: Apache/2.4.25 (Debian) PHP/5.6.40 configured -- resuming normal operations
[Wed Nov 24 12:39:00.337067 2021] [core:notice] [pid 1] AH00094: Command line: 'apache2 -D FOREGROUND'
[Wed Nov 24 14:50:38.096946 2021] [mpm_prefork:notice] [pid 1] AH00169: caught SIGTERM, shutting down
AH00558: apache2: Could not reliably determine the server's fully qualified domain name, using 172.20.0.4. Set the 'ServerName' directive globally to suppress this message
[Wed Nov 24 14:51:09.781107 2021] [mpm_prefork:notice] [pid 1] AH00163: Apache/2.4.25 (Debian) PHP/5.6.40 configured -- resuming normal operations
[Wed Nov 24 14:51:09.781791 2021] [core:notice] [pid 1] AH00094: Command line: 'apache2 -D FOREGROUND'
[Wed Nov 24 14:51:48.811689 2021] [mpm_prefork:notice] [pid 1] AH00169: caught SIGTERM, shutting down
AH00558: apache2: Could not reliably determine the server's fully qualified domain name, using 172.21.0.3. Set the 'ServerName' directive globally to suppress this message
[Wed Nov 24 14:52:03.590760 2021] [mpm_prefork:notice] [pid 1] AH00163: Apache/2.4.25 (Debian) PHP/5.6.40 configured -- resuming normal operations
[Wed Nov 24 14:52:03.591549 2021] [core:notice] [pid 1] AH00094: Command line: 'apache2 -D FOREGROUND'
[Wed Nov 24 14:59:31.542399 2021] [mpm_prefork:notice] [pid 1] AH00169: caught SIGTERM, shutting down
AH00558: apache2: Could not reliably determine the server's fully qualified domain name, using 172.22.0.3. Set the 'ServerName' directive globally to suppress this message
[Wed Nov 24 14:59:52.953915 2021] [mpm_prefork:notice] [pid 1] AH00163: Apache/2.4.25 (Debian) PHP/5.6.40 configured -- resuming normal operations
[Wed Nov 24 14:59:52.954698 2021] [core:notice] [pid 1] AH00094: Command line: 'apache2 -D FOREGROUND'
[Wed Nov 24 15:46:31.610990 2021] [mpm_prefork:notice] [pid 1] AH00169: caught SIGTERM, shutting down
AH00558: apache2: Could not reliably determine the server's fully qualified domain name, using 172.24.0.4. Set the 'ServerName' directive globally to suppress this message
[Wed Nov 24 15:47:04.202643 2021] [mpm_prefork:notice] [pid 1] AH00163: Apache/2.4.25 (Debian) PHP/5.6.40 configured -- resuming normal operations
[Wed Nov 24 15:47:04.203132 2021] [core:notice] [pid 1] AH00094: Command line: 'apache2 -D FOREGROUND'
[Wed Nov 24 15:50:18.769165 2021] [mpm_prefork:notice] [pid 1] AH00169: caught SIGTERM, shutting down
AH00558: apache2: Could not reliably determine the server's fully qualified domain name, using 172.24.0.4. Set the 'ServerName' directive globally to suppress this message
[Wed Nov 24 15:50:19.622490 2021] [mpm_prefork:notice] [pid 1] AH00163: Apache/2.4.25 (Debian) PHP/5.6.40 configured -- resuming normal operations
[Wed Nov 24 15:50:19.623965 2021] [core:notice] [pid 1] AH00094: Command line: 'apache2 -D FOREGROUND'
[Wed Nov 24 16:04:47.234222 2021] [mpm_prefork:notice] [pid 1] AH00171: Graceful restart requested, doing restart
AH00558: apache2: Could not reliably determine the server's fully qualified domain name, using 172.24.0.4. Set the 'ServerName' directive globally to suppress this message
[Wed Nov 24 16:04:47.324013 2021] [mpm_prefork:notice] [pid 1] AH00163: Apache/2.4.25 (Debian) PHP/5.6.40 configured -- resuming normal operations
[Wed Nov 24 16:04:47.325032 2021] [core:notice] [pid 1] AH00094: Command line: 'apache2 -D FOREGROUND'
[Wed Nov 24 16:24:50.239610 2021] [mpm_prefork:notice] [pid 1] AH00169: caught SIGTERM, shutting down
AH00558: apache2: Could not reliably determine the server's fully qualified domain name, using 172.25.0.3. Set the 'ServerName' directive globally to suppress this message
[Wed Nov 24 16:25:23.112430 2021] [mpm_prefork:notice] [pid 1] AH00163: Apache/2.4.25 (Debian) PHP/5.6.40 configured -- resuming normal operations
[Wed Nov 24 16:25:23.112906 2021] [core:notice] [pid 1] AH00094: Command line: 'apache2 -D FOREGROUND'
[Wed Nov 24 16:28:12.749527 2021] [mpm_prefork:notice] [pid 1] AH00171: Graceful restart requested, doing restart
AH00558: apache2: Could not reliably determine the server's fully qualified domain name, using 172.25.0.3. Set the 'ServerName' directive globally to suppress this message
[Wed Nov 24 16:28:12.838874 2021] [mpm_prefork:notice] [pid 1] AH00163: Apache/2.4.25 (Debian) PHP/5.6.40 configured -- resuming normal operations
[Wed Nov 24 16:28:12.839360 2021] [core:notice] [pid 1] AH00094: Command line: 'apache2 -D FOREGROUND'
[Wed Nov 24 16:28:18.654900 2021] [:error] [pid 62] [client 172.25.0.1:54660] PHP Warning:  phpinfo(): It is not safe to rely on the system's timezone settings. You are *required* to use the date.timezone setting or the date_default_timezone_set() function. In case you used any of those methods and you are still getting this warning, you most likely misspelled the timezone identifier. We selected the timezone 'UTC' for now, but please set date.timezone to select your timezone. in /var/www/html/phpinfo.php on line 2
[Wed Nov 24 16:28:19.421473 2021] [:error] [pid 62] [client 172.25.0.1:54660] PHP Warning:  phpinfo(): It is not safe to rely on the system's timezone settings. You are *required* to use the date.timezone setting or the date_default_timezone_set() function. In case you used any of those methods and you are still getting this warning, you most likely misspelled the timezone identifier. We selected the timezone 'UTC' for now, but please set date.timezone to select your timezone. in /var/www/html/phpinfo.php on line 2
[Wed Nov 24 16:28:19.588084 2021] [:error] [pid 62] [client 172.25.0.1:54660] PHP Warning:  phpinfo(): It is not safe to rely on the system's timezone settings. You are *required* to use the date.timezone setting or the date_default_timezone_set() function. In case you used any of those methods and you are still getting this warning, you most likely misspelled the timezone identifier. We selected the timezone 'UTC' for now, but please set date.timezone to select your timezone. in /var/www/html/phpinfo.php on line 2
[Wed Nov 24 16:28:19.755461 2021] [:error] [pid 62] [client 172.25.0.1:54660] PHP Warning:  phpinfo(): It is not safe to rely on the system's timezone settings. You are *required* to use the date.timezone setting or the date_default_timezone_set() function. In case you used any of those methods and you are still getting this warning, you most likely misspelled the timezone identifier. We selected the timezone 'UTC' for now, but please set date.timezone to select your timezone. in /var/www/html/phpinfo.php on line 2
[Wed Nov 24 16:28:19.927030 2021] [:error] [pid 62] [client 172.25.0.1:54660] PHP Warning:  phpinfo(): It is not safe to rely on the system's timezone settings. You are *required* to use the date.timezone setting or the date_default_timezone_set() function. In case you used any of those methods and you are still getting this warning, you most likely misspelled the timezone identifier. We selected the timezone 'UTC' for now, but please set date.timezone to select your timezone. in /var/www/html/phpinfo.php on line 2
[Wed Nov 24 16:28:20.097036 2021] [:error] [pid 62] [client 172.25.0.1:54660] PHP Warning:  phpinfo(): It is not safe to rely on the system's timezone settings. You are *required* to use the date.timezone setting or the date_default_timezone_set() function. In case you used any of those methods and you are still getting this warning, you most likely misspelled the timezone identifier. We selected the timezone 'UTC' for now, but please set date.timezone to select your timezone. in /var/www/html/phpinfo.php on line 2
